2024-03-09T07:16:21.192+05:30  WARN 2856 --- [CRUD Ops with Junit] [HikariPool-1 housekeeper] com.zaxxer.hikari.pool.HikariPool        : HikariPool-1 - Thread starvation or clock leap detected (housekeeper delta=1d5h15m53s833ms92µs100ns).
2024-03-09T07:17:04.489+05:30  INFO 2856 --- [CRUD Ops with Junit] [RMI TCP Connection(59)-127.0.0.1] inMXBeanRegistrar$SpringApplicationAdmin : Application shutdown requested.
2024-03-09T07:17:04.489+05:30  INFO 2856 --- [CRUD Ops with Junit] [RMI TCP Connection(58)-127.0.0.1] inMXBeanRegistrar$SpringApplicationAdmin : Application shutdown requested.
2024-03-09T07:17:04.490+05:30  INFO 2856 --- [CRUD Ops with Junit] [RMI TCP Connection(62)-127.0.0.1] inMXBeanRegistrar$SpringApplicationAdmin : Application shutdown requested.
2024-03-09T07:17:04.491+05:30  INFO 2856 --- [CRUD Ops with Junit] [RMI TCP Connection(63)-127.0.0.1] inMXBeanRegistrar$SpringApplicationAdmin : Application shutdown requested.
2024-03-09T07:17:04.490+05:30  INFO 2856 --- [CRUD Ops with Junit] [RMI TCP Connection(56)-127.0.0.1] inMXBeanRegistrar$SpringApplicationAdmin : Application shutdown requested.
2024-03-09T07:17:04.491+05:30  INFO 2856 --- [CRUD Ops with Junit] [RMI TCP Connection(57)-127.0.0.1] inMXBeanRegistrar$SpringApplicationAdmin : Application shutdown requested.
2024-03-09T07:17:04.491+05:30  INFO 2856 --- [CRUD Ops with Junit] [RMI TCP Connection(61)-127.0.0.1] inMXBeanRegistrar$SpringApplicationAdmin : Application shutdown requested.
2024-03-09T07:17:04.490+05:30  INFO 2856 --- [CRUD Ops with Junit] [RMI TCP Connection(60)-127.0.0.1] inMXBeanRegistrar$SpringApplicationAdmin : Application shutdown requested.
2024-03-09T07:17:04.968+05:30  INFO 2856 --- [CRUD Ops with Junit] [RMI TCP Connection(60)-127.0.0.1] j.LocalContainerEntityManagerFactoryBean : Closing JPA EntityManagerFactory for persistence unit 'default'
2024-03-09T07:17:05.100+05:30  WARN 2856 --- [CRUD Ops with Junit] [RMI TCP Connection(60)-127.0.0.1] o.s.b.f.support.DisposableBeanAdapter    : Invocation of destroy method failed on bean with name 'inMemoryDatabaseShutdownExecutor': org.h2.jdbc.JdbcSQLNonTransientConnectionException: Database is already closed (to disable automatic closing at VM shutdown, add ";DB_CLOSE_ON_EXIT=FALSE" to the db URL) [90121-224]
2024-03-09T07:17:05.103+05:30  INFO 2856 --- [CRUD Ops with Junit] [RMI TCP Connection(60)-127.0.0.1] com.zaxxer.hikari.HikariDataSource       : HikariPool-1 - Shutdown initiated...
2024-03-09T07:17:05.110+05:30  INFO 2856 --- [CRUD Ops with Junit] [RMI TCP Connection(60)-127.0.0.1] com.zaxxer.hikari.HikariDataSource       : HikariPool-1 - Shutdown completed.
2024-06-16T17:24:38.191+05:30  INFO 21260 --- [CRUD Ops with Junit] [main] com.base.controller.ControllorTest       : Starting ControllorTest using Java 17.0.8.1 with PID 21260 (started by visha in G:\Spring Boot Workspace 4\Spring-Web-40-RestApp-Spring-UnitTesting)
2024-06-16T17:24:38.192+05:30  INFO 21260 --- [CRUD Ops with Junit] [main] com.base.controller.ControllorTest       : No active profile set, falling back to 1 default profile: "default"
2024-06-16T17:24:40.140+05:30  INFO 21260 --- [CRUD Ops with Junit] [main] o.s.b.t.m.w.SpringBootMockServletContext : Initializing Spring TestDispatcherServlet ''
2024-06-16T17:24:40.140+05:30  INFO 21260 --- [CRUD Ops with Junit] [main] o.s.t.web.servlet.TestDispatcherServlet  : Initializing Servlet ''
2024-06-16T17:24:40.141+05:30  INFO 21260 --- [CRUD Ops with Junit] [main] o.s.t.web.servlet.TestDispatcherServlet  : Completed initialization in 1 ms
2024-06-16T17:24:40.161+05:30  INFO 21260 --- [CRUD Ops with Junit] [main] com.base.controller.ControllorTest       : Started ControllorTest in 2.301 seconds (process running for 3.562)
2024-06-16T17:24:40.522+05:30  INFO 21260 --- [CRUD Ops with Junit] [main] t.c.s.AnnotationConfigContextLoaderUtils : Could not detect default configuration classes for test class [com.base.repo.ProductRepoTest]: ProductRepoTest does not declare any static, non-private, non-final, nested classes annotated with @Configuration.
2024-06-16T17:24:40.563+05:30  INFO 21260 --- [CRUD Ops with Junit] [main] .b.t.c.SpringBootTestContextBootstrapper : Found @SpringBootConfiguration com.base.SpringWeb40RestAppSpringUnitTestingApplication for test class com.base.repo.ProductRepoTest
2024-06-16T17:24:40.569+05:30  INFO 21260 --- [CRUD Ops with Junit] [main] o.s.b.d.r.RestartApplicationListener     : Restart disabled due to context in which it is running
2024-06-16T17:24:40.635+05:30  INFO 21260 --- [CRUD Ops with Junit] [main] com.base.repo.ProductRepoTest            : Starting ProductRepoTest using Java 17.0.8.1 with PID 21260 (started by visha in G:\Spring Boot Workspace 4\Spring-Web-40-RestApp-Spring-UnitTesting)
2024-06-16T17:24:40.636+05:30  INFO 21260 --- [CRUD Ops with Junit] [main] com.base.repo.ProductRepoTest            : No active profile set, falling back to 1 default profile: "default"
2024-06-16T17:24:40.839+05:30  INFO 21260 --- [CRUD Ops with Junit] [main] .s.d.r.c.RepositoryConfigurationDelegate : Bootstrapping Spring Data JPA repositories in DEFAULT mode.
2024-06-16T17:24:40.882+05:30  INFO 21260 --- [CRUD Ops with Junit] [main] .s.d.r.c.RepositoryConfigurationDelegate : Finished Spring Data repository scanning in 33 ms. Found 1 JPA repository interface.
2024-06-16T17:24:40.931+05:30  INFO 21260 --- [CRUD Ops with Junit] [main] beddedDataSourceBeanFactoryPostProcessor : Replacing 'dataSource' DataSource bean with embedded version
2024-06-16T17:24:40.983+05:30  INFO 21260 --- [CRUD Ops with Junit] [main] o.s.j.d.e.EmbeddedDatabaseFactory        : Starting embedded database: url='jdbc:h2:mem:997634e8-e006-4f57-ac20-77c6c93a28b9;DB_CLOSE_DELAY=-1;DB_CLOSE_ON_EXIT=false', username='sa'
2024-06-16T17:24:41.248+05:30  INFO 21260 --- [CRUD Ops with Junit] [main] o.hibernate.jpa.internal.util.LogHelper  : HHH000204: Processing PersistenceUnitInfo [name: default]
2024-06-16T17:24:41.310+05:30  INFO 21260 --- [CRUD Ops with Junit] [main] org.hibernate.Version                    : HHH000412: Hibernate ORM core version 6.4.1.Final
2024-06-16T17:24:41.360+05:30  INFO 21260 --- [CRUD Ops with Junit] [main] o.h.c.internal.RegionFactoryInitiator    : HHH000026: Second-level cache disabled
2024-06-16T17:24:41.478+05:30  INFO 21260 --- [CRUD Ops with Junit] [main] o.s.o.j.p.SpringPersistenceUnitInfo      : No LoadTimeWeaver setup: ignoring JPA class transformer
2024-06-16T17:24:42.137+05:30  INFO 21260 --- [CRUD Ops with Junit] [main] o.h.e.t.j.p.i.JtaPlatformInitiator       : HHH000489: No JTA platform available (set 'hibernate.transaction.jta.platform' to enable JTA platform integration)
2024-06-16T17:24:42.165+05:30  INFO 21260 --- [CRUD Ops with Junit] [main] j.LocalContainerEntityManagerFactoryBean : Initialized JPA EntityManagerFactory for persistence unit 'default'
2024-06-16T17:24:42.445+05:30  INFO 21260 --- [CRUD Ops with Junit] [main] com.base.repo.ProductRepoTest            : Started ProductRepoTest in 1.876 seconds (process running for 5.846)
2024-06-16T17:24:42.795+05:30  INFO 21260 --- [CRUD Ops with Junit] [main] com.base.repo.ProductRepoTest            : saveEmployee_Test: Saved product : Product(productNo=1, productName=Loptop, price=10.0)
2024-06-16T17:24:42.815+05:30  INFO 21260 --- [CRUD Ops with Junit] [main] com.base.repo.ProductRepoTest            : deleteProductById_Test_Return_Empty: Saved product : Product(productNo=2, productName=Loptop, price=10.0)
2024-06-16T17:24:42.824+05:30  INFO 21260 --- [CRUD Ops with Junit] [main] com.base.repo.ProductRepoTest            : deleteProductById_Test_Return_Empty : product After deleteOptional.empty
2024-06-16T17:24:42.884+05:30  INFO 21260 --- [CRUD Ops with Junit] [main] com.base.repo.ProductRepoTest            : saveListOfProducts_Test_Return_size: Saved list of product : [Product(productNo=3, productName=Mobile, price=15000.0), Product(productNo=4, productName=Tab, price=10000.0), Product(productNo=3, productName=Mobile, price=15000.0)]
2024-06-16T17:24:42.899+05:30  INFO 21260 --- [CRUD Ops with Junit] [main] com.base.repo.ProductRepoTest            : updateProduct_Test: Saved list of product : [Product(productNo=5, productName=Iphone, price=100000.0), Product(productNo=6, productName=Tab, price=10000.0), Product(productNo=7, productName=Mobile, price=15000.0)]
2024-06-16T17:24:42.933+05:30  INFO 21260 --- [CRUD Ops with Junit] [main] com.base.repo.ProductRepoTest            : updateProduct_Test: Saved list of product GetByID: Product(productNo=6, productName=Tab, price=10000.0)
2024-06-16T17:24:42.946+05:30  INFO 21260 --- [CRUD Ops with Junit] [main] com.base.repo.ProductRepoTest            : updateProduct_Test: Post Update list : [Product(productNo=5, productName=Iphone, price=100000.0), Product(productNo=6, productName=Mobile_Andriod, price=25000.0), Product(productNo=7, productName=Mobile, price=15000.0)]
2024-06-16T17:24:43.161+05:30  INFO 21260 --- [CRUD Ops with Junit] [main] t.c.s.AnnotationConfigContextLoaderUtils : Could not detect default configuration classes for test class [com.base.SpringWeb40RestAppSpringUnitTestingApplicationTests]: SpringWeb40RestAppSpringUnitTestingApplicationTests does not declare any static, non-private, non-final, nested classes annotated with @Configuration.
2024-06-16T17:24:43.169+05:30  INFO 21260 --- [CRUD Ops with Junit] [main] .b.t.c.SpringBootTestContextBootstrapper : Found @SpringBootConfiguration com.base.SpringWeb40RestAppSpringUnitTestingApplication for test class com.base.SpringWeb40RestAppSpringUnitTestingApplicationTests
2024-06-16T17:24:43.176+05:30  INFO 21260 --- [CRUD Ops with Junit] [main] o.s.b.d.r.RestartApplicationListener     : Restart disabled due to context in which it is running
2024-06-16T17:24:43.196+05:30  INFO 21260 --- [CRUD Ops with Junit] [main] RestAppSpringUnitTestingApplicationTests : Starting SpringWeb40RestAppSpringUnitTestingApplicationTests using Java 17.0.8.1 with PID 21260 (started by visha in G:\Spring Boot Workspace 4\Spring-Web-40-RestApp-Spring-UnitTesting)
2024-06-16T17:24:43.197+05:30  INFO 21260 --- [CRUD Ops with Junit] [main] RestAppSpringUnitTestingApplicationTests : No active profile set, falling back to 1 default profile: "default"
2024-06-16T17:24:43.770+05:30  INFO 21260 --- [CRUD Ops with Junit] [main] .s.d.r.c.RepositoryConfigurationDelegate : Bootstrapping Spring Data JPA repositories in DEFAULT mode.
2024-06-16T17:24:43.781+05:30  INFO 21260 --- [CRUD Ops with Junit] [main] .s.d.r.c.RepositoryConfigurationDelegate : Finished Spring Data repository scanning in 10 ms. Found 1 JPA repository interface.
2024-06-16T17:24:44.147+05:30  INFO 21260 --- [CRUD Ops with Junit] [main] com.zaxxer.hikari.HikariDataSource       : HikariPool-1 - Starting...
2024-06-16T17:24:44.159+05:30  INFO 21260 --- [CRUD Ops with Junit] [main] com.zaxxer.hikari.pool.HikariPool        : HikariPool-1 - Added connection conn10: url=jdbc:h2:mem:testdb user=SA
2024-06-16T17:24:44.162+05:30  INFO 21260 --- [CRUD Ops with Junit] [main] com.zaxxer.hikari.HikariDataSource       : HikariPool-1 - Start completed.
2024-06-16T17:24:44.173+05:30  INFO 21260 --- [CRUD Ops with Junit] [main] o.hibernate.jpa.internal.util.LogHelper  : HHH000204: Processing PersistenceUnitInfo [name: default]
2024-06-16T17:24:44.175+05:30  INFO 21260 --- [CRUD Ops with Junit] [main] o.h.c.internal.RegionFactoryInitiator    : HHH000026: Second-level cache disabled
2024-06-16T17:24:44.177+05:30  INFO 21260 --- [CRUD Ops with Junit] [main] o.s.o.j.p.SpringPersistenceUnitInfo      : No LoadTimeWeaver setup: ignoring JPA class transformer
2024-06-16T17:24:44.202+05:30  INFO 21260 --- [CRUD Ops with Junit] [main] o.h.e.t.j.p.i.JtaPlatformInitiator       : HHH000489: No JTA platform available (set 'hibernate.transaction.jta.platform' to enable JTA platform integration)
2024-06-16T17:24:44.206+05:30  INFO 21260 --- [CRUD Ops with Junit] [main] j.LocalContainerEntityManagerFactoryBean : Initialized JPA EntityManagerFactory for persistence unit 'default'
2024-06-16T17:24:44.728+05:30  WARN 21260 --- [CRUD Ops with Junit] [main] JpaBaseConfiguration$JpaWebConfiguration : spring.jpa.open-in-view is enabled by default. Therefore, database queries may be performed during view rendering. Explicitly configure spring.jpa.open-in-view to disable this warning
2024-06-16T17:24:45.637+05:30  INFO 21260 --- [CRUD Ops with Junit] [main] o.s.b.a.h2.H2ConsoleAutoConfiguration    : H2 console available at '/h2-console'. Database available at 'jdbc:h2:mem:testdb'
2024-06-16T17:24:45.699+05:30  INFO 21260 --- [CRUD Ops with Junit] [main] o.s.b.a.e.web.EndpointLinksResolver      : Exposing 14 endpoint(s) beneath base path '/actuator'
2024-06-16T17:24:45.778+05:30  INFO 21260 --- [CRUD Ops with Junit] [main] RestAppSpringUnitTestingApplicationTests : Started SpringWeb40RestAppSpringUnitTestingApplicationTests in 2.601 seconds (process running for 9.178)
2024-06-16T17:24:45.842+05:30 ERROR 21260 --- [CRUD Ops with Junit] [registrationTask1] o.s.s.s.TaskUtils$LoggingErrorHandler    : Unexpected error occurred in scheduled task

java.lang.IllegalStateException: couldn't determine local port. Please set spring.boot.admin.client.instance.service-base-url.
	at de.codecentric.boot.admin.client.registration.DefaultApplicationFactory.getLocalServerPort(DefaultApplicationFactory.java:205) ~[spring-boot-admin-client-3.2.1.jar:3.2.1]
	at de.codecentric.boot.admin.client.registration.DefaultApplicationFactory.getServiceBaseUrl(DefaultApplicationFactory.java:109) ~[spring-boot-admin-client-3.2.1.jar:3.2.1]
	at de.codecentric.boot.admin.client.registration.ServletApplicationFactory.getServiceUrl(ServletApplicationFactory.java:62) ~[spring-boot-admin-client-3.2.1.jar:3.2.1]
	at de.codecentric.boot.admin.client.registration.ServletApplicationFactory.getManagementBaseUrl(ServletApplicationFactory.java:77) ~[spring-boot-admin-client-3.2.1.jar:3.2.1]
	at de.codecentric.boot.admin.client.registration.DefaultApplicationFactory.getHealthUrl(DefaultApplicationFactory.java:165) ~[spring-boot-admin-client-3.2.1.jar:3.2.1]
	at de.codecentric.boot.admin.client.registration.DefaultApplicationFactory.createApplication(DefaultApplicationFactory.java:80) ~[spring-boot-admin-client-3.2.1.jar:3.2.1]
	at de.codecentric.boot.admin.client.registration.DefaultApplicationRegistrator.register(DefaultApplicationRegistrator.java:56) ~[spring-boot-admin-client-3.2.1.jar:3.2.1]
	at org.springframework.scheduling.support.DelegatingErrorHandlingRunnable.run(DelegatingErrorHandlingRunnable.java:54) ~[spring-context-6.1.3.jar:6.1.3]
	at java.base/java.util.concurrent.Executors$RunnableAdapter.call(Executors.java:539) ~[na:na]
	at java.base/java.util.concurrent.FutureTask.runAndReset(FutureTask.java:305) ~[na:na]
	at java.base/java.util.concurrent.ScheduledThreadPoolExecutor$ScheduledFutureTask.run(ScheduledThreadPoolExecutor.java:305) ~[na:na]
	at java.base/java.util.concurrent.ThreadPoolExecutor.runWorker(ThreadPoolExecutor.java:1136) ~[na:na]
	at java.base/java.util.concurrent.ThreadPoolExecutor$Worker.run(ThreadPoolExecutor.java:635) ~[na:na]
	at java.base/java.lang.Thread.run(Thread.java:833) ~[na:na]

2024-06-16T17:24:45.862+05:30  INFO 21260 --- [CRUD Ops with Junit] [SpringApplicationShutdownHook] j.LocalContainerEntityManagerFactoryBean : Closing JPA EntityManagerFactory for persistence unit 'default'
2024-06-16T17:24:45.870+05:30  INFO 21260 --- [CRUD Ops with Junit] [SpringApplicationShutdownHook] j.LocalContainerEntityManagerFactoryBean : Closing JPA EntityManagerFactory for persistence unit 'default'
2024-06-16T17:24:45.873+05:30  INFO 21260 --- [CRUD Ops with Junit] [SpringApplicationShutdownHook] com.zaxxer.hikari.HikariDataSource       : HikariPool-1 - Shutdown initiated...
2024-06-16T17:24:45.876+05:30  INFO 21260 --- [CRUD Ops with Junit] [SpringApplicationShutdownHook] com.zaxxer.hikari.HikariDataSource       : HikariPool-1 - Shutdown completed.
2024-06-16T17:28:15.543+05:30  INFO 8828 --- [CRUD Ops with Junit] [main] com.base.repo.ProductRepoTest            : Starting ProductRepoTest using Java 17.0.8.1 with PID 8828 (started by visha in G:\Spring Boot Workspace 4\Spring-Web-40-RestApp-Spring-UnitTesting)
2024-06-16T17:28:15.546+05:30  INFO 8828 --- [CRUD Ops with Junit] [main] com.base.repo.ProductRepoTest            : No active profile set, falling back to 1 default profile: "default"
2024-06-16T17:28:16.030+05:30  INFO 8828 --- [CRUD Ops with Junit] [main] .s.d.r.c.RepositoryConfigurationDelegate : Bootstrapping Spring Data JPA repositories in DEFAULT mode.
2024-06-16T17:28:16.099+05:30  INFO 8828 --- [CRUD Ops with Junit] [main] .s.d.r.c.RepositoryConfigurationDelegate : Finished Spring Data repository scanning in 58 ms. Found 1 JPA repository interface.
2024-06-16T17:28:16.157+05:30  INFO 8828 --- [CRUD Ops with Junit] [main] beddedDataSourceBeanFactoryPostProcessor : Replacing 'dataSource' DataSource bean with embedded version
2024-06-16T17:28:16.392+05:30  INFO 8828 --- [CRUD Ops with Junit] [main] o.s.j.d.e.EmbeddedDatabaseFactory        : Starting embedded database: url='jdbc:h2:mem:f48c742f-2251-4681-8217-a8d0b48ea193;DB_CLOSE_DELAY=-1;DB_CLOSE_ON_EXIT=false', username='sa'
2024-06-16T17:28:16.727+05:30  INFO 8828 --- [CRUD Ops with Junit] [main] o.hibernate.jpa.internal.util.LogHelper  : HHH000204: Processing PersistenceUnitInfo [name: default]
2024-06-16T17:28:16.797+05:30  INFO 8828 --- [CRUD Ops with Junit] [main] org.hibernate.Version                    : HHH000412: Hibernate ORM core version 6.4.1.Final
2024-06-16T17:28:16.838+05:30  INFO 8828 --- [CRUD Ops with Junit] [main] o.h.c.internal.RegionFactoryInitiator    : HHH000026: Second-level cache disabled
2024-06-16T17:28:17.118+05:30  INFO 8828 --- [CRUD Ops with Junit] [main] o.s.o.j.p.SpringPersistenceUnitInfo      : No LoadTimeWeaver setup: ignoring JPA class transformer
2024-06-16T17:28:18.147+05:30  INFO 8828 --- [CRUD Ops with Junit] [main] o.h.e.t.j.p.i.JtaPlatformInitiator       : HHH000489: No JTA platform available (set 'hibernate.transaction.jta.platform' to enable JTA platform integration)
2024-06-16T17:28:18.201+05:30  INFO 8828 --- [CRUD Ops with Junit] [main] j.LocalContainerEntityManagerFactoryBean : Initialized JPA EntityManagerFactory for persistence unit 'default'
2024-06-16T17:28:18.574+05:30  INFO 8828 --- [CRUD Ops with Junit] [main] com.base.repo.ProductRepoTest            : Started ProductRepoTest in 3.514 seconds (process running for 5.287)
2024-06-16T17:28:39.822+05:30  INFO 6432 --- [CRUD Ops with Junit] [main] com.base.repo.ProductRepoTest            : Starting ProductRepoTest using Java 17.0.8.1 with PID 6432 (started by visha in G:\Spring Boot Workspace 4\Spring-Web-40-RestApp-Spring-UnitTesting)
2024-06-16T17:28:39.824+05:30  INFO 6432 --- [CRUD Ops with Junit] [main] com.base.repo.ProductRepoTest            : No active profile set, falling back to 1 default profile: "default"
2024-06-16T17:28:40.294+05:30  INFO 6432 --- [CRUD Ops with Junit] [main] .s.d.r.c.RepositoryConfigurationDelegate : Bootstrapping Spring Data JPA repositories in DEFAULT mode.
2024-06-16T17:28:40.366+05:30  INFO 6432 --- [CRUD Ops with Junit] [main] .s.d.r.c.RepositoryConfigurationDelegate : Finished Spring Data repository scanning in 60 ms. Found 1 JPA repository interface.
2024-06-16T17:28:40.434+05:30  INFO 6432 --- [CRUD Ops with Junit] [main] beddedDataSourceBeanFactoryPostProcessor : Replacing 'dataSource' DataSource bean with embedded version
2024-06-16T17:28:40.673+05:30  INFO 6432 --- [CRUD Ops with Junit] [main] o.s.j.d.e.EmbeddedDatabaseFactory        : Starting embedded database: url='jdbc:h2:mem:42b6ca2a-5e6c-4ff2-aa04-3900a9cb800e;DB_CLOSE_DELAY=-1;DB_CLOSE_ON_EXIT=false', username='sa'
2024-06-16T17:28:41.004+05:30  INFO 6432 --- [CRUD Ops with Junit] [main] o.hibernate.jpa.internal.util.LogHelper  : HHH000204: Processing PersistenceUnitInfo [name: default]
2024-06-16T17:28:41.078+05:30  INFO 6432 --- [CRUD Ops with Junit] [main] org.hibernate.Version                    : HHH000412: Hibernate ORM core version 6.4.1.Final
2024-06-16T17:28:41.126+05:30  INFO 6432 --- [CRUD Ops with Junit] [main] o.h.c.internal.RegionFactoryInitiator    : HHH000026: Second-level cache disabled
2024-06-16T17:28:41.392+05:30  INFO 6432 --- [CRUD Ops with Junit] [main] o.s.o.j.p.SpringPersistenceUnitInfo      : No LoadTimeWeaver setup: ignoring JPA class transformer
2024-06-16T17:28:42.462+05:30  INFO 6432 --- [CRUD Ops with Junit] [main] o.h.e.t.j.p.i.JtaPlatformInitiator       : HHH000489: No JTA platform available (set 'hibernate.transaction.jta.platform' to enable JTA platform integration)
2024-06-16T17:28:42.516+05:30  INFO 6432 --- [CRUD Ops with Junit] [main] j.LocalContainerEntityManagerFactoryBean : Initialized JPA EntityManagerFactory for persistence unit 'default'
2024-06-16T17:28:42.862+05:30  INFO 6432 --- [CRUD Ops with Junit] [main] com.base.repo.ProductRepoTest            : Started ProductRepoTest in 3.551 seconds (process running for 4.906)
2024-06-16T17:29:08.313+05:30  INFO 18612 --- [CRUD Ops with Junit] [main] com.base.repo.ProductRepoTest            : Starting ProductRepoTest using Java 17.0.8.1 with PID 18612 (started by visha in G:\Spring Boot Workspace 4\Spring-Web-40-RestApp-Spring-UnitTesting)
2024-06-16T17:29:08.315+05:30  INFO 18612 --- [CRUD Ops with Junit] [main] com.base.repo.ProductRepoTest            : No active profile set, falling back to 1 default profile: "default"
2024-06-16T17:29:08.778+05:30  INFO 18612 --- [CRUD Ops with Junit] [main] .s.d.r.c.RepositoryConfigurationDelegate : Bootstrapping Spring Data JPA repositories in DEFAULT mode.
2024-06-16T17:29:08.837+05:30  INFO 18612 --- [CRUD Ops with Junit] [main] .s.d.r.c.RepositoryConfigurationDelegate : Finished Spring Data repository scanning in 49 ms. Found 1 JPA repository interface.
2024-06-16T17:29:08.908+05:30  INFO 18612 --- [CRUD Ops with Junit] [main] beddedDataSourceBeanFactoryPostProcessor : Replacing 'dataSource' DataSource bean with embedded version
2024-06-16T17:29:09.146+05:30  INFO 18612 --- [CRUD Ops with Junit] [main] o.s.j.d.e.EmbeddedDatabaseFactory        : Starting embedded database: url='jdbc:h2:mem:70271a44-fc8e-48c7-ba91-00b847eb0a4f;DB_CLOSE_DELAY=-1;DB_CLOSE_ON_EXIT=false', username='sa'
2024-06-16T17:29:09.488+05:30  INFO 18612 --- [CRUD Ops with Junit] [main] o.hibernate.jpa.internal.util.LogHelper  : HHH000204: Processing PersistenceUnitInfo [name: default]
2024-06-16T17:29:09.556+05:30  INFO 18612 --- [CRUD Ops with Junit] [main] org.hibernate.Version                    : HHH000412: Hibernate ORM core version 6.4.1.Final
2024-06-16T17:29:09.600+05:30  INFO 18612 --- [CRUD Ops with Junit] [main] o.h.c.internal.RegionFactoryInitiator    : HHH000026: Second-level cache disabled
2024-06-16T17:29:09.884+05:30  INFO 18612 --- [CRUD Ops with Junit] [main] o.s.o.j.p.SpringPersistenceUnitInfo      : No LoadTimeWeaver setup: ignoring JPA class transformer
2024-06-16T17:29:11.005+05:30  INFO 18612 --- [CRUD Ops with Junit] [main] o.h.e.t.j.p.i.JtaPlatformInitiator       : HHH000489: No JTA platform available (set 'hibernate.transaction.jta.platform' to enable JTA platform integration)
2024-06-16T17:29:11.056+05:30  INFO 18612 --- [CRUD Ops with Junit] [main] j.LocalContainerEntityManagerFactoryBean : Initialized JPA EntityManagerFactory for persistence unit 'default'
2024-06-16T17:29:11.399+05:30  INFO 18612 --- [CRUD Ops with Junit] [main] com.base.repo.ProductRepoTest            : Started ProductRepoTest in 3.561 seconds (process running for 4.856)
2024-06-16T17:29:21.898+05:30  INFO 16352 --- [CRUD Ops with Junit] [main] com.base.repo.ProductRepoTest            : Starting ProductRepoTest using Java 17.0.8.1 with PID 16352 (started by visha in G:\Spring Boot Workspace 4\Spring-Web-40-RestApp-Spring-UnitTesting)
2024-06-16T17:29:21.901+05:30  INFO 16352 --- [CRUD Ops with Junit] [main] com.base.repo.ProductRepoTest            : No active profile set, falling back to 1 default profile: "default"
2024-06-16T17:29:22.331+05:30  INFO 16352 --- [CRUD Ops with Junit] [main] .s.d.r.c.RepositoryConfigurationDelegate : Bootstrapping Spring Data JPA repositories in DEFAULT mode.
2024-06-16T17:29:22.402+05:30  INFO 16352 --- [CRUD Ops with Junit] [main] .s.d.r.c.RepositoryConfigurationDelegate : Finished Spring Data repository scanning in 59 ms. Found 1 JPA repository interface.
2024-06-16T17:29:22.466+05:30  INFO 16352 --- [CRUD Ops with Junit] [main] beddedDataSourceBeanFactoryPostProcessor : Replacing 'dataSource' DataSource bean with embedded version
2024-06-16T17:29:22.695+05:30  INFO 16352 --- [CRUD Ops with Junit] [main] o.s.j.d.e.EmbeddedDatabaseFactory        : Starting embedded database: url='jdbc:h2:mem:eab9cd5a-1d75-415a-96d7-c90bbc794eec;DB_CLOSE_DELAY=-1;DB_CLOSE_ON_EXIT=false', username='sa'
2024-06-16T17:29:23.031+05:30  INFO 16352 --- [CRUD Ops with Junit] [main] o.hibernate.jpa.internal.util.LogHelper  : HHH000204: Processing PersistenceUnitInfo [name: default]
2024-06-16T17:29:23.099+05:30  INFO 16352 --- [CRUD Ops with Junit] [main] org.hibernate.Version                    : HHH000412: Hibernate ORM core version 6.4.1.Final
2024-06-16T17:29:23.149+05:30  INFO 16352 --- [CRUD Ops with Junit] [main] o.h.c.internal.RegionFactoryInitiator    : HHH000026: Second-level cache disabled
2024-06-16T17:29:23.424+05:30  INFO 16352 --- [CRUD Ops with Junit] [main] o.s.o.j.p.SpringPersistenceUnitInfo      : No LoadTimeWeaver setup: ignoring JPA class transformer
2024-06-16T17:29:24.508+05:30  INFO 16352 --- [CRUD Ops with Junit] [main] o.h.e.t.j.p.i.JtaPlatformInitiator       : HHH000489: No JTA platform available (set 'hibernate.transaction.jta.platform' to enable JTA platform integration)
2024-06-16T17:29:24.558+05:30  INFO 16352 --- [CRUD Ops with Junit] [main] j.LocalContainerEntityManagerFactoryBean : Initialized JPA EntityManagerFactory for persistence unit 'default'
2024-06-16T17:29:24.898+05:30  INFO 16352 --- [CRUD Ops with Junit] [main] com.base.repo.ProductRepoTest            : Started ProductRepoTest in 3.477 seconds (process running for 4.854)
2024-06-16T17:29:54.450+05:30  INFO 18612 --- [CRUD Ops with Junit] [main] com.base.repo.ProductRepoTest            : saveEmployee_Test: Saved product : Product(productNo=1, productName=Loptop, price=10.0)
2024-06-16T17:31:30.081+05:30  INFO 20612 --- [CRUD Ops with Junit] [main] com.base.repo.ProductRepoTest            : Starting ProductRepoTest using Java 17.0.8.1 with PID 20612 (started by visha in G:\Spring Boot Workspace 4\Spring-Web-40-RestApp-Spring-UnitTesting)
2024-06-16T17:31:30.085+05:30  INFO 20612 --- [CRUD Ops with Junit] [main] com.base.repo.ProductRepoTest            : No active profile set, falling back to 1 default profile: "default"
2024-06-16T17:31:30.595+05:30  INFO 20612 --- [CRUD Ops with Junit] [main] .s.d.r.c.RepositoryConfigurationDelegate : Bootstrapping Spring Data JPA repositories in DEFAULT mode.
2024-06-16T17:31:30.676+05:30  INFO 20612 --- [CRUD Ops with Junit] [main] .s.d.r.c.RepositoryConfigurationDelegate : Finished Spring Data repository scanning in 68 ms. Found 1 JPA repository interface.
2024-06-16T17:31:30.752+05:30  INFO 20612 --- [CRUD Ops with Junit] [main] beddedDataSourceBeanFactoryPostProcessor : Replacing 'dataSource' DataSource bean with embedded version
2024-06-16T17:31:30.996+05:30  INFO 20612 --- [CRUD Ops with Junit] [main] o.s.j.d.e.EmbeddedDatabaseFactory        : Starting embedded database: url='jdbc:h2:mem:c6d917f1-da11-4858-8f2a-bdcd3d45dcf5;DB_CLOSE_DELAY=-1;DB_CLOSE_ON_EXIT=false', username='sa'
2024-06-16T17:31:31.352+05:30  INFO 20612 --- [CRUD Ops with Junit] [main] o.hibernate.jpa.internal.util.LogHelper  : HHH000204: Processing PersistenceUnitInfo [name: default]
2024-06-16T17:31:31.419+05:30  INFO 20612 --- [CRUD Ops with Junit] [main] org.hibernate.Version                    : HHH000412: Hibernate ORM core version 6.4.1.Final
2024-06-16T17:31:31.461+05:30  INFO 20612 --- [CRUD Ops with Junit] [main] o.h.c.internal.RegionFactoryInitiator    : HHH000026: Second-level cache disabled
2024-06-16T17:31:31.764+05:30  INFO 20612 --- [CRUD Ops with Junit] [main] o.s.o.j.p.SpringPersistenceUnitInfo      : No LoadTimeWeaver setup: ignoring JPA class transformer
2024-06-16T17:31:32.820+05:30  INFO 20612 --- [CRUD Ops with Junit] [main] o.h.e.t.j.p.i.JtaPlatformInitiator       : HHH000489: No JTA platform available (set 'hibernate.transaction.jta.platform' to enable JTA platform integration)
2024-06-16T17:31:32.867+05:30  INFO 20612 --- [CRUD Ops with Junit] [main] j.LocalContainerEntityManagerFactoryBean : Initialized JPA EntityManagerFactory for persistence unit 'default'
2024-06-16T17:31:33.208+05:30  INFO 20612 --- [CRUD Ops with Junit] [main] com.base.repo.ProductRepoTest            : Started ProductRepoTest in 3.693 seconds (process running for 5.056)
2024-06-16T17:31:48.659+05:30  INFO 20612 --- [CRUD Ops with Junit] [main] com.base.repo.ProductRepoTest            : saveEmployee_Test: Saved product : Product(productNo=1, productName=Loptop, price=10.0)
2024-06-16T17:32:02.101+05:30  INFO 20612 --- [CRUD Ops with Junit] [main] com.base.repo.ProductRepoTest            : deleteProductById_Test_Return_Empty: Saved product : Product(productNo=2, productName=Loptop, price=10.0)
2024-06-16T17:32:02.270+05:30  INFO 20612 --- [CRUD Ops with Junit] [main] com.base.repo.ProductRepoTest            : deleteProductById_Test_Return_Empty : product After deleteOptional.empty
2024-06-16T17:32:14.504+05:30  INFO 20612 --- [CRUD Ops with Junit] [main] com.base.repo.ProductRepoTest            : saveListOfProducts_Test_Return_size: Saved list of product : [Product(productNo=3, productName=Mobile, price=15000.0), Product(productNo=4, productName=Tab, price=10000.0), Product(productNo=3, productName=Mobile, price=15000.0)]
2024-06-16T17:32:14.520+05:30  INFO 20612 --- [CRUD Ops with Junit] [main] com.base.repo.ProductRepoTest            : updateProduct_Test: Saved list of product : [Product(productNo=5, productName=Iphone, price=100000.0), Product(productNo=6, productName=Tab, price=10000.0), Product(productNo=7, productName=Mobile, price=15000.0)]
2024-06-16T17:32:14.565+05:30  INFO 20612 --- [CRUD Ops with Junit] [main] com.base.repo.ProductRepoTest            : updateProduct_Test: Saved list of product GetByID: Product(productNo=6, productName=Tab, price=10000.0)
2024-06-16T17:32:14.578+05:30  INFO 20612 --- [CRUD Ops with Junit] [main] com.base.repo.ProductRepoTest            : updateProduct_Test: Post Update list : [Product(productNo=5, productName=Iphone, price=100000.0), Product(productNo=6, productName=Mobile_Andriod, price=25000.0), Product(productNo=7, productName=Mobile, price=15000.0)]
2024-06-16T17:32:14.602+05:30  INFO 20612 --- [CRUD Ops with Junit] [SpringApplicationShutdownHook] j.LocalContainerEntityManagerFactoryBean : Closing JPA EntityManagerFactory for persistence unit 'default'
2024-06-16T17:32:23.505+05:30  INFO 5840 --- [CRUD Ops with Junit] [main] com.base.repo.ProductRepoTest            : Starting ProductRepoTest using Java 17.0.8.1 with PID 5840 (started by visha in G:\Spring Boot Workspace 4\Spring-Web-40-RestApp-Spring-UnitTesting)
2024-06-16T17:32:23.507+05:30  INFO 5840 --- [CRUD Ops with Junit] [main] com.base.repo.ProductRepoTest            : No active profile set, falling back to 1 default profile: "default"
2024-06-16T17:32:24.041+05:30  INFO 5840 --- [CRUD Ops with Junit] [main] .s.d.r.c.RepositoryConfigurationDelegate : Bootstrapping Spring Data JPA repositories in DEFAULT mode.
2024-06-16T17:32:24.119+05:30  INFO 5840 --- [CRUD Ops with Junit] [main] .s.d.r.c.RepositoryConfigurationDelegate : Finished Spring Data repository scanning in 64 ms. Found 1 JPA repository interface.
2024-06-16T17:32:24.189+05:30  INFO 5840 --- [CRUD Ops with Junit] [main] beddedDataSourceBeanFactoryPostProcessor : Replacing 'dataSource' DataSource bean with embedded version
2024-06-16T17:32:24.467+05:30  INFO 5840 --- [CRUD Ops with Junit] [main] o.s.j.d.e.EmbeddedDatabaseFactory        : Starting embedded database: url='jdbc:h2:mem:e5c51e02-195f-4b5f-b3fd-79d530d9babb;DB_CLOSE_DELAY=-1;DB_CLOSE_ON_EXIT=false', username='sa'
2024-06-16T17:32:24.839+05:30  INFO 5840 --- [CRUD Ops with Junit] [main] o.hibernate.jpa.internal.util.LogHelper  : HHH000204: Processing PersistenceUnitInfo [name: default]
2024-06-16T17:32:24.911+05:30  INFO 5840 --- [CRUD Ops with Junit] [main] org.hibernate.Version                    : HHH000412: Hibernate ORM core version 6.4.1.Final
2024-06-16T17:32:24.960+05:30  INFO 5840 --- [CRUD Ops with Junit] [main] o.h.c.internal.RegionFactoryInitiator    : HHH000026: Second-level cache disabled
2024-06-16T17:32:25.249+05:30  INFO 5840 --- [CRUD Ops with Junit] [main] o.s.o.j.p.SpringPersistenceUnitInfo      : No LoadTimeWeaver setup: ignoring JPA class transformer
2024-06-16T17:32:26.410+05:30  INFO 5840 --- [CRUD Ops with Junit] [main] o.h.e.t.j.p.i.JtaPlatformInitiator       : HHH000489: No JTA platform available (set 'hibernate.transaction.jta.platform' to enable JTA platform integration)
2024-06-16T17:32:26.464+05:30  INFO 5840 --- [CRUD Ops with Junit] [main] j.LocalContainerEntityManagerFactoryBean : Initialized JPA EntityManagerFactory for persistence unit 'default'
2024-06-16T17:32:26.839+05:30  INFO 5840 --- [CRUD Ops with Junit] [main] com.base.repo.ProductRepoTest            : Started ProductRepoTest in 3.939 seconds (process running for 5.36)
2024-06-16T17:32:38.448+05:30  INFO 5840 --- [CRUD Ops with Junit] [main] com.base.repo.ProductRepoTest            : saveEmployee_Test: Saved product : Product(productNo=1, productName=Loptop, price=10.0)
2024-06-16T17:32:39.541+05:30  INFO 5840 --- [CRUD Ops with Junit] [main] com.base.repo.ProductRepoTest            : deleteProductById_Test_Return_Empty: Saved product : Product(productNo=2, productName=Loptop, price=10.0)
2024-06-16T17:32:39.549+05:30  INFO 5840 --- [CRUD Ops with Junit] [main] com.base.repo.ProductRepoTest            : deleteProductById_Test_Return_Empty : product After deleteOptional.empty
2024-06-16T17:32:39.705+05:30  INFO 5840 --- [CRUD Ops with Junit] [main] com.base.repo.ProductRepoTest            : saveListOfProducts_Test_Return_size: Saved list of product : [Product(productNo=3, productName=Mobile, price=15000.0), Product(productNo=4, productName=Tab, price=10000.0), Product(productNo=3, productName=Mobile, price=15000.0)]
2024-06-16T17:32:39.724+05:30  INFO 5840 --- [CRUD Ops with Junit] [main] com.base.repo.ProductRepoTest            : updateProduct_Test: Saved list of product : [Product(productNo=5, productName=Iphone, price=100000.0), Product(productNo=6, productName=Tab, price=10000.0), Product(productNo=7, productName=Mobile, price=15000.0)]
2024-06-16T17:32:39.778+05:30  INFO 5840 --- [CRUD Ops with Junit] [main] com.base.repo.ProductRepoTest            : updateProduct_Test: Saved list of product GetByID: Product(productNo=6, productName=Tab, price=10000.0)
2024-06-16T17:32:39.793+05:30  INFO 5840 --- [CRUD Ops with Junit] [main] com.base.repo.ProductRepoTest            : updateProduct_Test: Post Update list : [Product(productNo=5, productName=Iphone, price=100000.0), Product(productNo=6, productName=Mobile_Andriod, price=25000.0), Product(productNo=7, productName=Mobile, price=15000.0)]
2024-06-16T17:32:39.819+05:30  INFO 5840 --- [CRUD Ops with Junit] [SpringApplicationShutdownHook] j.LocalContainerEntityManagerFactoryBean : Closing JPA EntityManagerFactory for persistence unit 'default'
2024-06-16T17:32:58.289+05:30  INFO 6916 --- [CRUD Ops with Junit] [main] com.base.repo.ProductRepoTest            : Starting ProductRepoTest using Java 17.0.8.1 with PID 6916 (started by visha in G:\Spring Boot Workspace 4\Spring-Web-40-RestApp-Spring-UnitTesting)
2024-06-16T17:32:58.292+05:30  INFO 6916 --- [CRUD Ops with Junit] [main] com.base.repo.ProductRepoTest            : No active profile set, falling back to 1 default profile: "default"
2024-06-16T17:32:58.832+05:30  INFO 6916 --- [CRUD Ops with Junit] [main] .s.d.r.c.RepositoryConfigurationDelegate : Bootstrapping Spring Data JPA repositories in DEFAULT mode.
2024-06-16T17:32:58.903+05:30  INFO 6916 --- [CRUD Ops with Junit] [main] .s.d.r.c.RepositoryConfigurationDelegate : Finished Spring Data repository scanning in 61 ms. Found 1 JPA repository interface.
2024-06-16T17:32:58.971+05:30  INFO 6916 --- [CRUD Ops with Junit] [main] beddedDataSourceBeanFactoryPostProcessor : Replacing 'dataSource' DataSource bean with embedded version
2024-06-16T17:32:59.227+05:30  INFO 6916 --- [CRUD Ops with Junit] [main] o.s.j.d.e.EmbeddedDatabaseFactory        : Starting embedded database: url='jdbc:h2:mem:784ed15a-89eb-4917-a329-70b54b2fcb08;DB_CLOSE_DELAY=-1;DB_CLOSE_ON_EXIT=false', username='sa'
2024-06-16T17:32:59.682+05:30  INFO 6916 --- [CRUD Ops with Junit] [main] o.hibernate.jpa.internal.util.LogHelper  : HHH000204: Processing PersistenceUnitInfo [name: default]
2024-06-16T17:32:59.757+05:30  INFO 6916 --- [CRUD Ops with Junit] [main] org.hibernate.Version                    : HHH000412: Hibernate ORM core version 6.4.1.Final
2024-06-16T17:32:59.803+05:30  INFO 6916 --- [CRUD Ops with Junit] [main] o.h.c.internal.RegionFactoryInitiator    : HHH000026: Second-level cache disabled
2024-06-16T17:33:00.112+05:30  INFO 6916 --- [CRUD Ops with Junit] [main] o.s.o.j.p.SpringPersistenceUnitInfo      : No LoadTimeWeaver setup: ignoring JPA class transformer
2024-06-16T17:33:01.299+05:30  INFO 6916 --- [CRUD Ops with Junit] [main] o.h.e.t.j.p.i.JtaPlatformInitiator       : HHH000489: No JTA platform available (set 'hibernate.transaction.jta.platform' to enable JTA platform integration)
2024-06-16T17:33:01.356+05:30  INFO 6916 --- [CRUD Ops with Junit] [main] j.LocalContainerEntityManagerFactoryBean : Initialized JPA EntityManagerFactory for persistence unit 'default'
2024-06-16T17:33:01.724+05:30  INFO 6916 --- [CRUD Ops with Junit] [main] com.base.repo.ProductRepoTest            : Started ProductRepoTest in 3.979 seconds (process running for 5.387)
2024-06-16T17:33:02.769+05:30  INFO 6916 --- [CRUD Ops with Junit] [main] com.base.repo.ProductRepoTest            : saveEmployee_Test: Saved product : Product(productNo=1, productName=Loptop, price=10.0)
2024-06-16T17:33:43.522+05:30  INFO 12564 --- [CRUD Ops with Junit] [main] com.base.repo.ProductRepoTest            : Starting ProductRepoTest using Java 17.0.8.1 with PID 12564 (started by visha in G:\Spring Boot Workspace 4\Spring-Web-40-RestApp-Spring-UnitTesting)
2024-06-16T17:33:43.523+05:30  INFO 12564 --- [CRUD Ops with Junit] [main] com.base.repo.ProductRepoTest            : No active profile set, falling back to 1 default profile: "default"
2024-06-16T17:33:43.936+05:30  INFO 12564 --- [CRUD Ops with Junit] [main] .s.d.r.c.RepositoryConfigurationDelegate : Bootstrapping Spring Data JPA repositories in DEFAULT mode.
2024-06-16T17:33:44.001+05:30  INFO 12564 --- [CRUD Ops with Junit] [main] .s.d.r.c.RepositoryConfigurationDelegate : Finished Spring Data repository scanning in 53 ms. Found 1 JPA repository interface.
2024-06-16T17:33:44.068+05:30  INFO 12564 --- [CRUD Ops with Junit] [main] beddedDataSourceBeanFactoryPostProcessor : Replacing 'dataSource' DataSource bean with embedded version
2024-06-16T17:33:44.264+05:30  INFO 12564 --- [CRUD Ops with Junit] [main] o.s.j.d.e.EmbeddedDatabaseFactory        : Starting embedded database: url='jdbc:h2:mem:f9517d78-5e8f-4c38-afd6-d4a23491cab3;DB_CLOSE_DELAY=-1;DB_CLOSE_ON_EXIT=false', username='sa'
2024-06-16T17:33:44.514+05:30  INFO 12564 --- [CRUD Ops with Junit] [main] o.hibernate.jpa.internal.util.LogHelper  : HHH000204: Processing PersistenceUnitInfo [name: default]
2024-06-16T17:33:44.562+05:30  INFO 12564 --- [CRUD Ops with Junit] [main] org.hibernate.Version                    : HHH000412: Hibernate ORM core version 6.4.1.Final
2024-06-16T17:33:44.590+05:30  INFO 12564 --- [CRUD Ops with Junit] [main] o.h.c.internal.RegionFactoryInitiator    : HHH000026: Second-level cache disabled
2024-06-16T17:33:44.800+05:30  INFO 12564 --- [CRUD Ops with Junit] [main] o.s.o.j.p.SpringPersistenceUnitInfo      : No LoadTimeWeaver setup: ignoring JPA class transformer
2024-06-16T17:33:45.659+05:30  INFO 12564 --- [CRUD Ops with Junit] [main] o.h.e.t.j.p.i.JtaPlatformInitiator       : HHH000489: No JTA platform available (set 'hibernate.transaction.jta.platform' to enable JTA platform integration)
2024-06-16T17:33:45.690+05:30  INFO 12564 --- [CRUD Ops with Junit] [main] j.LocalContainerEntityManagerFactoryBean : Initialized JPA EntityManagerFactory for persistence unit 'default'
2024-06-16T17:33:46.048+05:30  INFO 12564 --- [CRUD Ops with Junit] [main] com.base.repo.ProductRepoTest            : Started ProductRepoTest in 2.906 seconds (process running for 3.868)
2024-06-16T17:33:46.964+05:30  INFO 12564 --- [CRUD Ops with Junit] [main] com.base.repo.ProductRepoTest            : saveEmployee_Test: Saved product : Product(productNo=1, productName=Loptop, price=10.0)
2024-06-16T17:33:46.989+05:30  INFO 12564 --- [CRUD Ops with Junit] [main] com.base.repo.ProductRepoTest            : deleteProductById_Test_Return_Empty: Saved product : Product(productNo=2, productName=Loptop, price=10.0)
2024-06-16T17:33:46.999+05:30  INFO 12564 --- [CRUD Ops with Junit] [main] com.base.repo.ProductRepoTest            : deleteProductById_Test_Return_Empty : product After deleteOptional.empty
2024-06-16T17:33:47.061+05:30  INFO 12564 --- [CRUD Ops with Junit] [main] com.base.repo.ProductRepoTest            : saveListOfProducts_Test_Return_size: Saved list of product : [Product(productNo=3, productName=Mobile, price=15000.0), Product(productNo=4, productName=Tab, price=10000.0), Product(productNo=3, productName=Mobile, price=15000.0)]
2024-06-16T17:33:47.074+05:30  INFO 12564 --- [CRUD Ops with Junit] [main] com.base.repo.ProductRepoTest            : updateProduct_Test: Saved list of product : [Product(productNo=5, productName=Iphone, price=100000.0), Product(productNo=6, productName=Tab, price=10000.0), Product(productNo=7, productName=Mobile, price=15000.0)]
2024-06-16T17:33:47.113+05:30  INFO 12564 --- [CRUD Ops with Junit] [main] com.base.repo.ProductRepoTest            : updateProduct_Test: Saved list of product GetByID: Product(productNo=6, productName=Tab, price=10000.0)
2024-06-16T17:33:47.126+05:30  INFO 12564 --- [CRUD Ops with Junit] [main] com.base.repo.ProductRepoTest            : updateProduct_Test: Post Update list : [Product(productNo=5, productName=Iphone, price=100000.0), Product(productNo=6, productName=Mobile_Andriod, price=25000.0), Product(productNo=7, productName=Mobile, price=15000.0)]
2024-06-16T17:33:47.142+05:30  INFO 12564 --- [CRUD Ops with Junit] [SpringApplicationShutdownHook] j.LocalContainerEntityManagerFactoryBean : Closing JPA EntityManagerFactory for persistence unit 'default'
2024-06-16T17:34:08.651+05:30  INFO 18148 --- [CRUD Ops with Junit] [main] com.base.controller.ControllorTest       : Starting ControllorTest using Java 17.0.8.1 with PID 18148 (started by visha in G:\Spring Boot Workspace 4\Spring-Web-40-RestApp-Spring-UnitTesting)
2024-06-16T17:34:08.653+05:30  INFO 18148 --- [CRUD Ops with Junit] [main] com.base.controller.ControllorTest       : No active profile set, falling back to 1 default profile: "default"
2024-06-16T17:34:10.753+05:30  INFO 18148 --- [CRUD Ops with Junit] [main] o.s.b.t.m.w.SpringBootMockServletContext : Initializing Spring TestDispatcherServlet ''
2024-06-16T17:34:10.754+05:30  INFO 18148 --- [CRUD Ops with Junit] [main] o.s.t.web.servlet.TestDispatcherServlet  : Initializing Servlet ''
2024-06-16T17:34:10.755+05:30  INFO 18148 --- [CRUD Ops with Junit] [main] o.s.t.web.servlet.TestDispatcherServlet  : Completed initialization in 1 ms
2024-06-16T17:34:10.783+05:30  INFO 18148 --- [CRUD Ops with Junit] [main] com.base.controller.ControllorTest       : Started ControllorTest in 2.482 seconds (process running for 3.612)
2024-06-16T17:34:11.139+05:30  INFO 18148 --- [CRUD Ops with Junit] [main] t.c.s.AnnotationConfigContextLoaderUtils : Could not detect default configuration classes for test class [com.base.repo.ProductRepoTest]: ProductRepoTest does not declare any static, non-private, non-final, nested classes annotated with @Configuration.
2024-06-16T17:34:11.195+05:30  INFO 18148 --- [CRUD Ops with Junit] [main] .b.t.c.SpringBootTestContextBootstrapper : Found @SpringBootConfiguration com.base.SpringWeb40RestAppSpringUnitTestingApplication for test class com.base.repo.ProductRepoTest
2024-06-16T17:34:11.199+05:30  INFO 18148 --- [CRUD Ops with Junit] [main] o.s.b.d.r.RestartApplicationListener     : Restart disabled due to context in which it is running
2024-06-16T17:34:11.232+05:30  INFO 18148 --- [CRUD Ops with Junit] [main] com.base.repo.ProductRepoTest            : Starting ProductRepoTest using Java 17.0.8.1 with PID 18148 (started by visha in G:\Spring Boot Workspace 4\Spring-Web-40-RestApp-Spring-UnitTesting)
2024-06-16T17:34:11.233+05:30  INFO 18148 --- [CRUD Ops with Junit] [main] com.base.repo.ProductRepoTest            : No active profile set, falling back to 1 default profile: "default"
2024-06-16T17:34:11.452+05:30  INFO 18148 --- [CRUD Ops with Junit] [main] .s.d.r.c.RepositoryConfigurationDelegate : Bootstrapping Spring Data JPA repositories in DEFAULT mode.
2024-06-16T17:34:11.498+05:30  INFO 18148 --- [CRUD Ops with Junit] [main] .s.d.r.c.RepositoryConfigurationDelegate : Finished Spring Data repository scanning in 39 ms. Found 1 JPA repository interface.
2024-06-16T17:34:11.545+05:30  INFO 18148 --- [CRUD Ops with Junit] [main] beddedDataSourceBeanFactoryPostProcessor : Replacing 'dataSource' DataSource bean with embedded version
2024-06-16T17:34:11.602+05:30  INFO 18148 --- [CRUD Ops with Junit] [main] o.s.j.d.e.EmbeddedDatabaseFactory        : Starting embedded database: url='jdbc:h2:mem:479ab21a-db2c-4b24-84fc-221d331b6d9d;DB_CLOSE_DELAY=-1;DB_CLOSE_ON_EXIT=false', username='sa'
2024-06-16T17:34:11.878+05:30  INFO 18148 --- [CRUD Ops with Junit] [main] o.hibernate.jpa.internal.util.LogHelper  : HHH000204: Processing PersistenceUnitInfo [name: default]
2024-06-16T17:34:11.940+05:30  INFO 18148 --- [CRUD Ops with Junit] [main] org.hibernate.Version                    : HHH000412: Hibernate ORM core version 6.4.1.Final
2024-06-16T17:34:11.985+05:30  INFO 18148 --- [CRUD Ops with Junit] [main] o.h.c.internal.RegionFactoryInitiator    : HHH000026: Second-level cache disabled
2024-06-16T17:34:12.111+05:30  INFO 18148 --- [CRUD Ops with Junit] [main] o.s.o.j.p.SpringPersistenceUnitInfo      : No LoadTimeWeaver setup: ignoring JPA class transformer
2024-06-16T17:34:12.796+05:30  INFO 18148 --- [CRUD Ops with Junit] [main] o.h.e.t.j.p.i.JtaPlatformInitiator       : HHH000489: No JTA platform available (set 'hibernate.transaction.jta.platform' to enable JTA platform integration)
2024-06-16T17:34:12.828+05:30  INFO 18148 --- [CRUD Ops with Junit] [main] j.LocalContainerEntityManagerFactoryBean : Initialized JPA EntityManagerFactory for persistence unit 'default'
2024-06-16T17:34:13.091+05:30  INFO 18148 --- [CRUD Ops with Junit] [main] com.base.repo.ProductRepoTest            : Started ProductRepoTest in 1.892 seconds (process running for 5.921)
2024-06-16T17:34:13.467+05:30  INFO 18148 --- [CRUD Ops with Junit] [main] com.base.repo.ProductRepoTest            : saveEmployee_Test: Saved product : Product(productNo=1, productName=Loptop, price=10.0)
2024-06-16T17:34:13.483+05:30  INFO 18148 --- [CRUD Ops with Junit] [main] com.base.repo.ProductRepoTest            : deleteProductById_Test_Return_Empty: Saved product : Product(productNo=2, productName=Loptop, price=10.0)
2024-06-16T17:34:13.491+05:30  INFO 18148 --- [CRUD Ops with Junit] [main] com.base.repo.ProductRepoTest            : deleteProductById_Test_Return_Empty : product After deleteOptional.empty
2024-06-16T17:34:13.554+05:30  INFO 18148 --- [CRUD Ops with Junit] [main] com.base.repo.ProductRepoTest            : saveListOfProducts_Test_Return_size: Saved list of product : [Product(productNo=3, productName=Mobile, price=15000.0), Product(productNo=4, productName=Tab, price=10000.0), Product(productNo=3, productName=Mobile, price=15000.0)]
2024-06-16T17:34:13.563+05:30  INFO 18148 --- [CRUD Ops with Junit] [main] com.base.repo.ProductRepoTest            : updateProduct_Test: Saved list of product : [Product(productNo=5, productName=Iphone, price=100000.0), Product(productNo=6, productName=Tab, price=10000.0), Product(productNo=7, productName=Mobile, price=15000.0)]
2024-06-16T17:34:13.587+05:30  INFO 18148 --- [CRUD Ops with Junit] [main] com.base.repo.ProductRepoTest            : updateProduct_Test: Saved list of product GetByID: Product(productNo=6, productName=Tab, price=10000.0)
2024-06-16T17:34:13.596+05:30  INFO 18148 --- [CRUD Ops with Junit] [main] com.base.repo.ProductRepoTest            : updateProduct_Test: Post Update list : [Product(productNo=5, productName=Iphone, price=100000.0), Product(productNo=6, productName=Mobile_Andriod, price=25000.0), Product(productNo=7, productName=Mobile, price=15000.0)]
2024-06-16T17:34:13.788+05:30  INFO 18148 --- [CRUD Ops with Junit] [main] t.c.s.AnnotationConfigContextLoaderUtils : Could not detect default configuration classes for test class [com.base.SpringWeb40RestAppSpringUnitTestingApplicationTests]: SpringWeb40RestAppSpringUnitTestingApplicationTests does not declare any static, non-private, non-final, nested classes annotated with @Configuration.
2024-06-16T17:34:13.794+05:30  INFO 18148 --- [CRUD Ops with Junit] [main] .b.t.c.SpringBootTestContextBootstrapper : Found @SpringBootConfiguration com.base.SpringWeb40RestAppSpringUnitTestingApplication for test class com.base.SpringWeb40RestAppSpringUnitTestingApplicationTests
2024-06-16T17:34:13.799+05:30  INFO 18148 --- [CRUD Ops with Junit] [main] o.s.b.d.r.RestartApplicationListener     : Restart disabled due to context in which it is running
2024-06-16T17:34:13.824+05:30  INFO 18148 --- [CRUD Ops with Junit] [main] RestAppSpringUnitTestingApplicationTests : Starting SpringWeb40RestAppSpringUnitTestingApplicationTests using Java 17.0.8.1 with PID 18148 (started by visha in G:\Spring Boot Workspace 4\Spring-Web-40-RestApp-Spring-UnitTesting)
2024-06-16T17:34:13.824+05:30  INFO 18148 --- [CRUD Ops with Junit] [main] RestAppSpringUnitTestingApplicationTests : No active profile set, falling back to 1 default profile: "default"
2024-06-16T17:34:14.427+05:30  INFO 18148 --- [CRUD Ops with Junit] [main] .s.d.r.c.RepositoryConfigurationDelegate : Bootstrapping Spring Data JPA repositories in DEFAULT mode.
2024-06-16T17:34:14.437+05:30  INFO 18148 --- [CRUD Ops with Junit] [main] .s.d.r.c.RepositoryConfigurationDelegate : Finished Spring Data repository scanning in 8 ms. Found 1 JPA repository interface.
2024-06-16T17:34:14.809+05:30  INFO 18148 --- [CRUD Ops with Junit] [main] com.zaxxer.hikari.HikariDataSource       : HikariPool-1 - Starting...
2024-06-16T17:34:14.824+05:30  INFO 18148 --- [CRUD Ops with Junit] [main] com.zaxxer.hikari.pool.HikariPool        : HikariPool-1 - Added connection conn10: url=jdbc:h2:mem:testdb user=SA
2024-06-16T17:34:14.827+05:30  INFO 18148 --- [CRUD Ops with Junit] [main] com.zaxxer.hikari.HikariDataSource       : HikariPool-1 - Start completed.
2024-06-16T17:34:14.839+05:30  INFO 18148 --- [CRUD Ops with Junit] [main] o.hibernate.jpa.internal.util.LogHelper  : HHH000204: Processing PersistenceUnitInfo [name: default]
2024-06-16T17:34:14.842+05:30  INFO 18148 --- [CRUD Ops with Junit] [main] o.h.c.internal.RegionFactoryInitiator    : HHH000026: Second-level cache disabled
2024-06-16T17:34:14.845+05:30  INFO 18148 --- [CRUD Ops with Junit] [main] o.s.o.j.p.SpringPersistenceUnitInfo      : No LoadTimeWeaver setup: ignoring JPA class transformer
2024-06-16T17:34:14.879+05:30  INFO 18148 --- [CRUD Ops with Junit] [main] o.h.e.t.j.p.i.JtaPlatformInitiator       : HHH000489: No JTA platform available (set 'hibernate.transaction.jta.platform' to enable JTA platform integration)
2024-06-16T17:34:14.883+05:30  INFO 18148 --- [CRUD Ops with Junit] [main] j.LocalContainerEntityManagerFactoryBean : Initialized JPA EntityManagerFactory for persistence unit 'default'
2024-06-16T17:34:15.429+05:30  WARN 18148 --- [CRUD Ops with Junit] [main] JpaBaseConfiguration$JpaWebConfiguration : spring.jpa.open-in-view is enabled by default. Therefore, database queries may be performed during view rendering. Explicitly configure spring.jpa.open-in-view to disable this warning
2024-06-16T17:34:16.391+05:30  INFO 18148 --- [CRUD Ops with Junit] [main] o.s.b.a.h2.H2ConsoleAutoConfiguration    : H2 console available at '/h2-console'. Database available at 'jdbc:h2:mem:testdb'
2024-06-16T17:34:16.448+05:30  INFO 18148 --- [CRUD Ops with Junit] [main] o.s.b.a.e.web.EndpointLinksResolver      : Exposing 14 endpoint(s) beneath base path '/actuator'
2024-06-16T17:34:16.529+05:30  INFO 18148 --- [CRUD Ops with Junit] [main] RestAppSpringUnitTestingApplicationTests : Started SpringWeb40RestAppSpringUnitTestingApplicationTests in 2.73 seconds (process running for 9.358)
2024-06-16T17:34:16.602+05:30 ERROR 18148 --- [CRUD Ops with Junit] [registrationTask1] o.s.s.s.TaskUtils$LoggingErrorHandler    : Unexpected error occurred in scheduled task

java.lang.IllegalStateException: couldn't determine local port. Please set spring.boot.admin.client.instance.service-base-url.
	at de.codecentric.boot.admin.client.registration.DefaultApplicationFactory.getLocalServerPort(DefaultApplicationFactory.java:205) ~[spring-boot-admin-client-3.2.1.jar:3.2.1]
	at de.codecentric.boot.admin.client.registration.DefaultApplicationFactory.getServiceBaseUrl(DefaultApplicationFactory.java:109) ~[spring-boot-admin-client-3.2.1.jar:3.2.1]
	at de.codecentric.boot.admin.client.registration.ServletApplicationFactory.getServiceUrl(ServletApplicationFactory.java:62) ~[spring-boot-admin-client-3.2.1.jar:3.2.1]
	at de.codecentric.boot.admin.client.registration.ServletApplicationFactory.getManagementBaseUrl(ServletApplicationFactory.java:77) ~[spring-boot-admin-client-3.2.1.jar:3.2.1]
	at de.codecentric.boot.admin.client.registration.DefaultApplicationFactory.getHealthUrl(DefaultApplicationFactory.java:165) ~[spring-boot-admin-client-3.2.1.jar:3.2.1]
	at de.codecentric.boot.admin.client.registration.DefaultApplicationFactory.createApplication(DefaultApplicationFactory.java:80) ~[spring-boot-admin-client-3.2.1.jar:3.2.1]
	at de.codecentric.boot.admin.client.registration.DefaultApplicationRegistrator.register(DefaultApplicationRegistrator.java:56) ~[spring-boot-admin-client-3.2.1.jar:3.2.1]
	at org.springframework.scheduling.support.DelegatingErrorHandlingRunnable.run(DelegatingErrorHandlingRunnable.java:54) ~[spring-context-6.1.3.jar:6.1.3]
	at java.base/java.util.concurrent.Executors$RunnableAdapter.call(Executors.java:539) ~[na:na]
	at java.base/java.util.concurrent.FutureTask.runAndReset(FutureTask.java:305) ~[na:na]
	at java.base/java.util.concurrent.ScheduledThreadPoolExecutor$ScheduledFutureTask.run(ScheduledThreadPoolExecutor.java:305) ~[na:na]
	at java.base/java.util.concurrent.ThreadPoolExecutor.runWorker(ThreadPoolExecutor.java:1136) ~[na:na]
	at java.base/java.util.concurrent.ThreadPoolExecutor$Worker.run(ThreadPoolExecutor.java:635) ~[na:na]
	at java.base/java.lang.Thread.run(Thread.java:833) ~[na:na]

2024-06-16T17:34:16.624+05:30  INFO 18148 --- [CRUD Ops with Junit] [SpringApplicationShutdownHook] j.LocalContainerEntityManagerFactoryBean : Closing JPA EntityManagerFactory for persistence unit 'default'
2024-06-16T17:34:16.633+05:30  INFO 18148 --- [CRUD Ops with Junit] [SpringApplicationShutdownHook] j.LocalContainerEntityManagerFactoryBean : Closing JPA EntityManagerFactory for persistence unit 'default'
2024-06-16T17:34:16.636+05:30  INFO 18148 --- [CRUD Ops with Junit] [SpringApplicationShutdownHook] com.zaxxer.hikari.HikariDataSource       : HikariPool-1 - Shutdown initiated...
2024-06-16T17:34:16.640+05:30  INFO 18148 --- [CRUD Ops with Junit] [SpringApplicationShutdownHook] com.zaxxer.hikari.HikariDataSource       : HikariPool-1 - Shutdown completed.
